# JRE version: Java(TM) SE Runtime Environment (8.0_65-b17) (build 1.8.0_65-b17)
# Java VM: Java HotSpot(TM) 64-Bit Server VM (25.65-b01 mixed mode windows-amd64 compressed oops)
Heap:
 PSYoungGen      total 212480K, used 119645K [0x00000000eab00000, 0x0000000100000000, 0x0000000100000000)
  eden space 116736K, 20% used [0x00000000eab00000,0x00000000ec2657a8,0x00000000f1d00000)
  from space 95744K, 99% used [0x00000000fa000000,0x00000000ffd78a88,0x00000000ffd80000)
  to   space 116224K, 0% used [0x00000000f1d00000,0x00000000f1d00000,0x00000000f8e80000)
 ParOldGen       total 699392K, used 546209K [0x00000000c0000000, 0x00000000eab00000, 0x00000000eab00000)
  object space 699392K, 78% used [0x00000000c0000000,0x00000000e1568700,0x00000000eab00000)
 Metaspace       used 6674K, capacity 7320K, committed 7680K, reserved 1056768K
  class space    used 628K, capacity 656K, committed 768K, reserved 1048576K
GC Heap History (10 events):
Event: 48.103 GC heap before
{Heap before GC invocations=59 (full 34):
 PSYoungGen      total 244736K, used 146432K [0x00000000eab00000, 0x00000000ffd80000, 0x0000000100000000)
  eden space 146432K, 100% used [0x00000000eab00000,0x00000000f3a00000,0x00000000f3a00000)
  from space 98304K, 0% used [0x00000000f3a00000,0x00000000f3a00000,0x00000000f9a00000)
  to   space 95744K, 0% used [0x00000000fa000000,0x00000000fa000000,0x00000000ffd80000)
 ParOldGen       total 492032K, used 491617K [0x00000000c0000000, 0x00000000de080000, 0x00000000eab00000)
  object space 492032K, 99% used [0x00000000c0000000,0x00000000de0185b0,0x00000000de080000)
 Metaspace       used 6674K, capacity 7320K, committed 7680K, reserved 1056768K
  class space    used 628K, capacity 656K, committed 768K, reserved 1048576K
Event: 48.994 GC heap after
Heap after GC invocations=59 (full 34):
 PSYoungGen      total 244736K, used 146432K [0x00000000eab00000, 0x00000000ffd80000, 0x0000000100000000)
  eden space 146432K, 100% used [0x00000000eab00000,0x00000000f3a00000,0x00000000f3a00000)
  from space 98304K, 0% used [0x00000000f3a00000,0x00000000f3a00000,0x00000000f9a00000)
  to   space 95744K, 0% used [0x00000000fa000000,0x00000000fa000000,0x00000000ffd80000)
 ParOldGen       total 492032K, used 491616K [0x00000000c0000000, 0x00000000de080000, 0x00000000eab00000)
  object space 492032K, 99% used [0x00000000c0000000,0x00000000de018130,0x00000000de080000)
 Metaspace       used 6674K, capacity 7320K, committed 7680K, reserved 1056768K
  class space    used 628K, capacity 656K, committed 768K, reserved 1048576K
}
Event: 48.994 GC heap before
{Heap before GC invocations=60 (full 35):
 PSYoungGen      total 244736K, used 146432K [0x00000000eab00000, 0x00000000ffd80000, 0x0000000100000000)
  eden space 146432K, 100% used [0x00000000eab00000,0x00000000f3a00000,0x00000000f3a00000)
  from space 98304K, 0% used [0x00000000f3a00000,0x00000000f3a00000,0x00000000f9a00000)
  to   space 95744K, 0% used [0x00000000fa000000,0x00000000fa000000,0x00000000ffd80000)
 ParOldGen       total 492032K, used 491617K [0x00000000c0000000, 0x00000000de080000, 0x00000000eab00000)
  object space 492032K, 99% used [0x00000000c0000000,0x00000000de0187a8,0x00000000de080000)
 Metaspace       used 6674K, capacity 7320K, committed 7680K, reserved 1056768K
  class space    used 628K, capacity 656K, committed 768K, reserved 1048576K
Event: 49.860 GC heap after
Heap after GC invocations=60 (full 35):
 PSYoungGen      total 244736K, used 146432K [0x00000000eab00000, 0x00000000ffd80000, 0x0000000100000000)
  eden space 146432K, 100% used [0x00000000eab00000,0x00000000f3a00000,0x00000000f3a00000)
  from space 98304K, 0% used [0x00000000f3a00000,0x00000000f3a00000,0x00000000f9a00000)
  to   space 95744K, 0% used [0x00000000fa000000,0x00000000fa000000,0x00000000ffd80000)
 ParOldGen       total 492032K, used 491617K [0x00000000c0000000, 0x00000000de080000, 0x00000000eab00000)
  object space 492032K, 99% used [0x00000000c0000000,0x00000000de0187a8,0x00000000de080000)
 Metaspace       used 6674K, capacity 7320K, committed 7680K, reserved 1056768K
  class space    used 628K, capacity 656K, committed 768K, reserved 1048576K
}
Event: 49.860 GC heap before
{Heap before GC invocations=61 (full 36):
 PSYoungGen      total 244736K, used 146432K [0x00000000eab00000, 0x00000000ffd80000, 0x0000000100000000)
  eden space 146432K, 100% used [0x00000000eab00000,0x00000000f3a00000,0x00000000f3a00000)
  from space 98304K, 0% used [0x00000000f3a00000,0x00000000f3a00000,0x00000000f9a00000)
  to   space 95744K, 0% used [0x00000000fa000000,0x00000000fa000000,0x00000000ffd80000)
 ParOldGen       total 492032K, used 491620K [0x00000000c0000000, 0x00000000de080000, 0x00000000eab00000)
  object space 492032K, 99% used [0x00000000c0000000,0x00000000de019308,0x00000000de080000)
 Metaspace       used 6674K, capacity 7320K, committed 7680K, reserved 1056768K
  class space    used 628K, capacity 656K, committed 768K, reserved 1048576K
Event: 50.738 GC heap after
Heap after GC invocations=61 (full 36):
 PSYoungGen      total 244736K, used 146432K [0x00000000eab00000, 0x00000000ffd80000, 0x0000000100000000)
  eden space 146432K, 100% used [0x00000000eab00000,0x00000000f3a00000,0x00000000f3a00000)
  from space 98304K, 0% used [0x00000000f3a00000,0x00000000f3a00000,0x00000000f9a00000)
  to   space 95744K, 0% used [0x00000000fa000000,0x00000000fa000000,0x00000000ffd80000)
 ParOldGen       total 492032K, used 491619K [0x00000000c0000000, 0x00000000de080000, 0x00000000eab00000)
  object space 492032K, 99% used [0x00000000c0000000,0x00000000de018e48,0x00000000de080000)
 Metaspace       used 6674K, capacity 7320K, committed 7680K, reserved 1056768K
  class space    used 628K, capacity 656K, committed 768K, reserved 1048576K
}
Event: 50.738 GC heap before
{Heap before GC invocations=62 (full 37):
 PSYoungGen      total 244736K, used 146432K [0x00000000eab00000, 0x00000000ffd80000, 0x0000000100000000)
  eden space 146432K, 100% used [0x00000000eab00000,0x00000000f3a00000,0x00000000f3a00000)
  from space 98304K, 0% used [0x00000000f3a00000,0x00000000f3a00000,0x00000000f9a00000)
  to   space 95744K, 0% used [0x00000000fa000000,0x00000000fa000000,0x00000000ffd80000)
 ParOldGen       total 492032K, used 491634K [0x00000000c0000000, 0x00000000de080000, 0x00000000eab00000)
  object space 492032K, 99% used [0x00000000c0000000,0x00000000de01ca58,0x00000000de080000)
 Metaspace       used 6674K, capacity 7320K, committed 7680K, reserved 1056768K
  class space    used 628K, capacity 656K, committed 768K, reserved 1048576K
Event: 51.665 GC heap after
Heap after GC invocations=62 (full 37):
 PSYoungGen      total 244736K, used 146432K [0x00000000eab00000, 0x00000000ffd80000, 0x0000000100000000)
  eden space 146432K, 100% used [0x00000000eab00000,0x00000000f3a00000,0x00000000f3a00000)
  from space 98304K, 0% used [0x00000000f3a00000,0x00000000f3a00000,0x00000000f9a00000)
  to   space 95744K, 0% used [0x00000000fa000000,0x00000000fa000000,0x00000000ffd80000)
 ParOldGen       total 699392K, used 491629K [0x00000000c0000000, 0x00000000eab00000, 0x00000000eab00000)
  object space 699392K, 70% used [0x00000000c0000000,0x00000000de01b7d8,0x00000000eab00000)
 Metaspace       used 6674K, capacity 7320K, committed 7680K, reserved 1056768K
  class space    used 628K, capacity 656K, committed 768K, reserved 1048576K
}
Event: 51.665 GC heap before
{Heap before GC invocations=63 (full 37):
 PSYoungGen      total 244736K, used 146432K [0x00000000eab00000, 0x00000000ffd80000, 0x0000000100000000)
  eden space 146432K, 100% used [0x00000000eab00000,0x00000000f3a00000,0x00000000f3a00000)
  from space 98304K, 0% used [0x00000000f3a00000,0x00000000f3a00000,0x00000000f9a00000)
  to   space 95744K, 0% used [0x00000000fa000000,0x00000000fa000000,0x00000000ffd80000)
 ParOldGen       total 699392K, used 491636K [0x00000000c0000000, 0x00000000eab00000, 0x00000000eab00000)
  object space 699392K, 70% used [0x00000000c0000000,0x00000000de01d260,0x00000000eab00000)
 Metaspace       used 6674K, capacity 7320K, committed 7680K, reserved 1056768K
  class space    used 628K, capacity 656K, committed 768K, reserved 1048576K
Event: 51.842 GC heap after
Heap after GC invocations=63 (full 37):
 PSYoungGen      total 212480K, used 95714K [0x00000000eab00000, 0x0000000100000000, 0x0000000100000000)
  eden space 116736K, 0% used [0x00000000eab00000,0x00000000eab00000,0x00000000f1d00000)
  from space 95744K, 99% used [0x00000000fa000000,0x00000000ffd78a88,0x00000000ffd80000)
  to   space 116224K, 0% used [0x00000000f1d00000,0x00000000f1d00000,0x00000000f8e80000)
 ParOldGen       total 699392K, used 546209K [0x00000000c0000000, 0x00000000eab00000, 0x00000000eab00000)
  object space 699392K, 78% used [0x00000000c0000000,0x00000000e1568700,0x00000000eab00000)
 Metaspace       used 6674K, capacity 7320K, committed 7680K, reserved 1056768K
  class space    used 628K, capacity 656K, committed 768K, reserved 1048576K
}

